app/build/intermediates/manifest_merge_blame_file/debug/manifest-merger-blame-debug-report.txt
1<?xml version="1.0" encoding="utf-8"?>
2<manifest xmlns:android="http://schemas.android.com/apk/res/android"
3    package="com.daven.videoplayer"
4    android:versionCode="1"
5    android:versionName="1.0" >
6
7    <uses-sdk
8        android:minSdkVersion="24"
9        android:targetSdkVersion="34" />
10
11    <uses-permission android:name="android.permission.READ_EXTERNAL_STORAGE" />
11-->src\main\AndroidManifest.xml:5:5-80
11-->src\main\AndroidManifest.xml:5:22-77
12    <uses-permission android:name="android.permission.READ_MEDIA_VIDEO" />
12-->src\main\AndroidManifest.xml:6:5-75
12-->src\main\AndroidManifest.xml:6:22-72
13    <uses-permission android:name="android.permission.WAKE_LOCK" />
13-->src\main\AndroidManifest.xml:7:5-68
13-->src\main\AndroidManifest.xml:7:22-65
14    <uses-permission android:name="android.permission.FOREGROUND_SERVICE" />
14-->src\main\AndroidManifest.xml:8:5-77
14-->src\main\AndroidManifest.xml:8:22-74
15    <uses-permission android:name="android.permission.POST_NOTIFICATIONS" />
15-->src\main\AndroidManifest.xml:9:5-77
15-->src\main\AndroidManifest.xml:9:22-74
16    <uses-permission android:name="android.permission.ACCESS_NETWORK_STATE" />
16-->[androidx.media3:media3-exoplayer:1.2.1] AndroidManifest.xml:22:5-79
16-->[androidx.media3:media3-exoplayer:1.2.1] AndroidManifest.xml:22:22-76
17
18    <permission
18-->[androidx.core:core:1.12.0] AndroidManifest.xml:22:5-24:47
19        android:name="com.daven.videoplayer.DYNAMIC_RECEIVER_NOT_EXPORTED_PERMISSION"
19-->[androidx.core:core:1.12.0] AndroidManifest.xml:23:9-81
20        android:protectionLevel="signature" />
20-->[androidx.core:core:1.12.0] AndroidManifest.xml:24:9-44
21
22    <uses-permission android:name="com.daven.videoplayer.DYNAMIC_RECEIVER_NOT_EXPORTED_PERMISSION" />
22-->[androidx.core:core:1.12.0] AndroidManifest.xml:26:5-97
22-->[androidx.core:core:1.12.0] AndroidManifest.xml:26:22-94
23
24    <application
24-->src\main\AndroidManifest.xml:11:5-75:19
25        android:allowBackup="true"
25-->src\main\AndroidManifest.xml:12:9-35
26        android:appComponentFactory="androidx.core.app.CoreComponentFactory"
26-->[androidx.core:core:1.12.0] AndroidManifest.xml:28:18-86
27        android:dataExtractionRules="@xml/data_extraction_rules"
27-->src\main\AndroidManifest.xml:13:9-65
28        android:debuggable="true"
29        android:extractNativeLibs="false"
30        android:fullBackupContent="@xml/backup_rules"
30-->src\main\AndroidManifest.xml:14:9-54
31        android:icon="@mipmap/ic_launcher"
31-->src\main\AndroidManifest.xml:15:9-43
32        android:label="@string/app_name"
32-->src\main\AndroidManifest.xml:16:9-41
33        android:roundIcon="@mipmap/ic_launcher_round"
33-->src\main\AndroidManifest.xml:17:9-54
34        android:supportsRtl="true"
34-->src\main\AndroidManifest.xml:18:9-35
35        android:theme="@style/Theme.Daven" >
35-->src\main\AndroidManifest.xml:19:9-43
36
37        <!-- Splash Activity como launcher -->
38        <activity
38-->src\main\AndroidManifest.xml:23:9-31:20
39            android:name="com.daven.videoplayer.ui.SplashActivity"
39-->src\main\AndroidManifest.xml:24:13-46
40            android:exported="true"
40-->src\main\AndroidManifest.xml:25:13-36
41            android:theme="@style/Theme.Daven.Splash" >
41-->src\main\AndroidManifest.xml:26:13-54
42            <intent-filter>
42-->src\main\AndroidManifest.xml:27:13-30:29
43                <action android:name="android.intent.action.MAIN" />
43-->src\main\AndroidManifest.xml:28:17-69
43-->src\main\AndroidManifest.xml:28:25-66
44
45                <category android:name="android.intent.category.LAUNCHER" />
45-->src\main\AndroidManifest.xml:29:17-77
45-->src\main\AndroidManifest.xml:29:27-74
46            </intent-filter>
47        </activity>
48        <activity
48-->src\main\AndroidManifest.xml:33:9-59:20
49            android:name="com.daven.videoplayer.ui.MainActivity"
49-->src\main\AndroidManifest.xml:34:13-44
50            android:exported="true"
50-->src\main\AndroidManifest.xml:35:13-36
51            android:theme="@style/Theme.Daven" >
51-->src\main\AndroidManifest.xml:36:13-47
52
53            <!-- Intent filters para ser reproductor predeterminado -->
54            <intent-filter>
54-->src\main\AndroidManifest.xml:39:13-46:29
55                <action android:name="android.intent.action.VIEW" />
55-->src\main\AndroidManifest.xml:40:17-69
55-->src\main\AndroidManifest.xml:40:25-66
56
57                <category android:name="android.intent.category.DEFAULT" />
57-->src\main\AndroidManifest.xml:41:17-76
57-->src\main\AndroidManifest.xml:41:27-73
58                <category android:name="android.intent.category.BROWSABLE" />
58-->src\main\AndroidManifest.xml:42:17-78
58-->src\main\AndroidManifest.xml:42:27-75
59
60                <data android:scheme="file" />
60-->src\main\AndroidManifest.xml:43:17-47
60-->src\main\AndroidManifest.xml:43:23-44
61                <data android:scheme="content" />
61-->src\main\AndroidManifest.xml:43:17-47
61-->src\main\AndroidManifest.xml:43:23-44
62                <data android:mimeType="video/*" />
62-->src\main\AndroidManifest.xml:43:17-47
62-->src\main\AndroidManifest.xml:45:23-49
63            </intent-filter>
64            <intent-filter>
64-->src\main\AndroidManifest.xml:48:13-58:29
65                <action android:name="android.intent.action.VIEW" />
65-->src\main\AndroidManifest.xml:40:17-69
65-->src\main\AndroidManifest.xml:40:25-66
66
67                <category android:name="android.intent.category.DEFAULT" />
67-->src\main\AndroidManifest.xml:41:17-76
67-->src\main\AndroidManifest.xml:41:27-73
68
69                <data android:scheme="file" />
69-->src\main\AndroidManifest.xml:43:17-47
69-->src\main\AndroidManifest.xml:43:23-44
70                <data android:mimeType="video/mp4" />
70-->src\main\AndroidManifest.xml:43:17-47
70-->src\main\AndroidManifest.xml:45:23-49
71                <data android:mimeType="video/mkv" />
71-->src\main\AndroidManifest.xml:43:17-47
71-->src\main\AndroidManifest.xml:45:23-49
72                <data android:mimeType="video/avi" />
72-->src\main\AndroidManifest.xml:43:17-47
72-->src\main\AndroidManifest.xml:45:23-49
73                <data android:mimeType="video/mov" />
73-->src\main\AndroidManifest.xml:43:17-47
73-->src\main\AndroidManifest.xml:45:23-49
74                <data android:mimeType="video/3gp" />
74-->src\main\AndroidManifest.xml:43:17-47
74-->src\main\AndroidManifest.xml:45:23-49
75                <data android:mimeType="video/webm" />
75-->src\main\AndroidManifest.xml:43:17-47
75-->src\main\AndroidManifest.xml:45:23-49
76            </intent-filter>
77        </activity>
78        <activity
78-->src\main\AndroidManifest.xml:61:9-66:61
79            android:name="com.daven.videoplayer.ui.PlayerActivity"
79-->src\main\AndroidManifest.xml:62:13-46
80            android:configChanges="orientation|screenSize|keyboardHidden"
80-->src\main\AndroidManifest.xml:64:13-74
81            android:exported="false"
81-->src\main\AndroidManifest.xml:63:13-37
82            android:screenOrientation="sensor"
82-->src\main\AndroidManifest.xml:65:13-47
83            android:theme="@style/Theme.Daven.Fullscreen" />
83-->src\main\AndroidManifest.xml:66:13-58
84
85        <!-- Servicio de reproducción en segundo plano -->
86        <service
86-->src\main\AndroidManifest.xml:69:9-73:61
87            android:name="com.daven.videoplayer.service.AudioPlaybackService"
87-->src\main\AndroidManifest.xml:70:13-57
88            android:enabled="true"
88-->src\main\AndroidManifest.xml:71:13-35
89            android:exported="false"
89-->src\main\AndroidManifest.xml:72:13-37
90            android:foregroundServiceType="mediaPlayback" />
90-->src\main\AndroidManifest.xml:73:13-58
91
92        <provider
92-->[androidx.emoji2:emoji2:1.2.0] AndroidManifest.xml:24:9-32:20
93            android:name="androidx.startup.InitializationProvider"
93-->[androidx.emoji2:emoji2:1.2.0] AndroidManifest.xml:25:13-67
94            android:authorities="com.daven.videoplayer.androidx-startup"
94-->[androidx.emoji2:emoji2:1.2.0] AndroidManifest.xml:26:13-68
95            android:exported="false" >
95-->[androidx.emoji2:emoji2:1.2.0] AndroidManifest.xml:27:13-37
96            <meta-data
96-->[androidx.emoji2:emoji2:1.2.0] AndroidManifest.xml:29:13-31:52
97                android:name="androidx.emoji2.text.EmojiCompatInitializer"
97-->[androidx.emoji2:emoji2:1.2.0] AndroidManifest.xml:30:17-75
98                android:value="androidx.startup" />
98-->[androidx.emoji2:emoji2:1.2.0] AndroidManifest.xml:31:17-49
99            <meta-data
99-->[androidx.lifecycle:lifecycle-process:2.7.0] AndroidManifest.xml:29:13-31:52
100                android:name="androidx.lifecycle.ProcessLifecycleInitializer"
100-->[androidx.lifecycle:lifecycle-process:2.7.0] AndroidManifest.xml:30:17-78
101                android:value="androidx.startup" />
101-->[androidx.lifecycle:lifecycle-process:2.7.0] AndroidManifest.xml:31:17-49
102            <meta-data
102-->[androidx.profileinstaller:profileinstaller:1.3.0] AndroidManifest.xml:29:13-31:52
103                android:name="androidx.profileinstaller.ProfileInstallerInitializer"
103-->[androidx.profileinstaller:profileinstaller:1.3.0] AndroidManifest.xml:30:17-85
104                android:value="androidx.startup" />
104-->[androidx.profileinstaller:profileinstaller:1.3.0] AndroidManifest.xml:31:17-49
105        </provider>
106
107        <receiver
107-->[androidx.profileinstaller:profileinstaller:1.3.0] AndroidManifest.xml:34:9-52:20
108            android:name="androidx.profileinstaller.ProfileInstallReceiver"
108-->[androidx.profileinstaller:profileinstaller:1.3.0] AndroidManifest.xml:35:13-76
109            android:directBootAware="false"
109-->[androidx.profileinstaller:profileinstaller:1.3.0] AndroidManifest.xml:36:13-44
110            android:enabled="true"
110-->[androidx.profileinstaller:profileinstaller:1.3.0] AndroidManifest.xml:37:13-35
111            android:exported="true"
111-->[androidx.profileinstaller:profileinstaller:1.3.0] AndroidManifest.xml:38:13-36
112            android:permission="android.permission.DUMP" >
112-->[androidx.profileinstaller:profileinstaller:1.3.0] AndroidManifest.xml:39:13-57
113            <intent-filter>
113-->[androidx.profileinstaller:profileinstaller:1.3.0] AndroidManifest.xml:40:13-42:29
114                <action android:name="androidx.profileinstaller.action.INSTALL_PROFILE" />
114-->[androidx.profileinstaller:profileinstaller:1.3.0] AndroidManifest.xml:41:17-91
114-->[androidx.profileinstaller:profileinstaller:1.3.0] AndroidManifest.xml:41:25-88
115            </intent-filter>
116            <intent-filter>
116-->[androidx.profileinstaller:profileinstaller:1.3.0] AndroidManifest.xml:43:13-45:29
117                <action android:name="androidx.profileinstaller.action.SKIP_FILE" />
117-->[androidx.profileinstaller:profileinstaller:1.3.0] AndroidManifest.xml:44:17-85
117-->[androidx.profileinstaller:profileinstaller:1.3.0] AndroidManifest.xml:44:25-82
118            </intent-filter>
119            <intent-filter>
119-->[androidx.profileinstaller:profileinstaller:1.3.0] AndroidManifest.xml:46:13-48:29
120                <action android:name="androidx.profileinstaller.action.SAVE_PROFILE" />
120-->[androidx.profileinstaller:profileinstaller:1.3.0] AndroidManifest.xml:47:17-88
120-->[androidx.profileinstaller:profileinstaller:1.3.0] AndroidManifest.xml:47:25-85
121            </intent-filter>
122            <intent-filter>
122-->[androidx.profileinstaller:profileinstaller:1.3.0] AndroidManifest.xml:49:13-51:29
123                <action android:name="androidx.profileinstaller.action.BENCHMARK_OPERATION" />
123-->[androidx.profileinstaller:profileinstaller:1.3.0] AndroidManifest.xml:50:17-95
123-->[androidx.profileinstaller:profileinstaller:1.3.0] AndroidManifest.xml:50:25-92
124            </intent-filter>
125        </receiver>
126    </application>
127
128</manifest>